<?xml version="1.0" encoding="UTF-8"?>
<testsuite name="stickman.model.PlayerTest" tests="4" skipped="0" failures="0" errors="0" timestamp="2019-10-06T02:18:44" hostname="Hoang" time="0.013">
  <properties/>
  <testcase name="testBasic" classname="stickman.model.PlayerTest" time="0.003"/>
  <testcase name="testPlayerMoveEdge" classname="stickman.model.PlayerTest" time="0.002"/>
  <testcase name="testJumpMove" classname="stickman.model.PlayerTest" time="0.002"/>
  <testcase name="playerFall" classname="stickman.model.PlayerTest" time="0.003"/>
  <system-out><![CDATA[]]></system-out>
  <system-err><![CDATA[]]></system-err>
</testsuite>
