<?xml version="1.0" encoding="UTF-8"?>
<testsuite name="stickman.view.GameWindowTest" tests="2" skipped="0" failures="0" errors="0" timestamp="2019-10-06T02:18:45" hostname="Hoang" time="1.549">
  <properties/>
  <testcase name="testBasic" classname="stickman.view.GameWindowTest" time="1.359"/>
  <testcase name="testImageView" classname="stickman.view.GameWindowTest" time="0.189"/>
  <system-out><![CDATA[]]></system-out>
  <system-err><![CDATA[]]></system-err>
</testsuite>
