<?xml version="1.0" encoding="UTF-8"?>
<testsuite name="stickman.model.FactoryLevelTest" tests="2" skipped="0" failures="0" errors="0" timestamp="2019-10-06T13:51:38" hostname="Hoang" time="0.445">
  <properties/>
  <testcase name="readBasic" classname="stickman.model.FactoryLevelTest" time="0.369"/>
  <testcase name="testLevelEdgeCase" classname="stickman.model.FactoryLevelTest" time="0.076"/>
  <system-out><![CDATA[]]></system-out>
  <system-err><![CDATA[]]></system-err>
</testsuite>
