<?xml version="1.0" encoding="UTF-8"?>
<testsuite name="stickman.view.GameWindowTest" tests="2" skipped="0" failures="0" errors="0" timestamp="2019-10-06T13:51:40" hostname="Hoang" time="1.384">
  <properties/>
  <testcase name="testBasic" classname="stickman.view.GameWindowTest" time="1.225"/>
  <testcase name="testImageView" classname="stickman.view.GameWindowTest" time="0.159"/>
  <system-out><![CDATA[]]></system-out>
  <system-err><![CDATA[]]></system-err>
</testsuite>
