<?xml version="1.0" encoding="UTF-8"?>
<testsuite name="stickman.model.LevelImplTest" tests="1" skipped="0" failures="0" errors="0" timestamp="2019-10-06T02:18:44" hostname="Hoang" time="0.002">
  <properties/>
  <testcase name="testMovePlayer" classname="stickman.model.LevelImplTest" time="0.002"/>
  <system-out><![CDATA[]]></system-out>
  <system-err><![CDATA[]]></system-err>
</testsuite>
