<?xml version="1.0" encoding="UTF-8"?>
<testsuite name="stickman.view.KeyboardInputHandlerTest" tests="3" skipped="0" failures="0" errors="0" timestamp="2019-10-06T13:51:39" hostname="Hoang" time="0.826">
  <properties/>
  <testcase name="testKeyboardUp" classname="stickman.view.KeyboardInputHandlerTest" time="0.698"/>
  <testcase name="testKeyBoardLR" classname="stickman.view.KeyboardInputHandlerTest" time="0.102"/>
  <testcase name="checkConfig" classname="stickman.view.KeyboardInputHandlerTest" time="0.024"/>
  <system-out><![CDATA[]]></system-out>
  <system-err><![CDATA[]]></system-err>
</testsuite>
